<?xml version="1.0" encoding="UTF-8"?>
<!-- Generated by org.testng.reporters.JUnitReportReporter -->
<testsuite skipped="0" hostname="Shashank-PC" name="RestAssuredTests.DeleteRequest" tests="1" failures="0" timestamp="30 Sep 2019 14:24:30 GMT" time="18.561" errors="0">
  <testcase name="testDelete" time="18.561" classname="RestAssuredTests.DeleteRequest"/>
</testsuite> <!-- RestAssuredTests.DeleteRequest -->
