<?xml version="1.0" encoding="UTF-8"?>
<!-- Generated by org.testng.reporters.JUnitReportReporter -->
<testsuite skipped="0" hostname="Shashank-PC" name="serializationDeserialization.StudentAPINoSerialization" tests="1" failures="0" timestamp="02 Oct 2019 05:14:14 GMT" time="8.990" errors="0">
  <testcase name="getStudentRecord" time="8.990" classname="serializationDeserialization.StudentAPINoSerialization"/>
</testsuite> <!-- serializationDeserialization.StudentAPINoSerialization -->
