<?xml version="1.0" encoding="UTF-8"?>
<!-- Generated by org.testng.reporters.JUnitReportReporter -->
<testsuite skipped="0" hostname="Shashank-PC" name="serializationDeserialization.VideoGameAPIWithSerializationXML" tests="2" failures="0" timestamp="02 Oct 2019 15:28:11 GMT" time="3.360" errors="0">
  <testcase name="videoGameSerializationXML" time="2.957" classname="serializationDeserialization.VideoGameAPIWithSerializationXML"/>
  <testcase name="videoGameDeserializationXML" time="0.403" classname="serializationDeserialization.VideoGameAPIWithSerializationXML"/>
</testsuite> <!-- serializationDeserialization.VideoGameAPIWithSerializationXML -->
