<?xml version="1.0" encoding="UTF-8"?>
<!-- Generated by org.testng.reporters.JUnitReportReporter -->
<testsuite skipped="0" hostname="Shashank-PC" name="serializationDeserialization.StudentAPIWithSerialization" tests="1" failures="0" timestamp="02 Oct 2019 08:12:03 GMT" time="8.433" errors="0">
  <testcase name="getStudentRecordDeserialization" time="8.433" classname="serializationDeserialization.StudentAPIWithSerialization"/>
</testsuite> <!-- serializationDeserialization.StudentAPIWithSerialization -->
