<?xml version="1.0" encoding="UTF-8"?>
<!-- Generated by org.testng.reporters.JUnitReportReporter -->
<testsuite skipped="0" hostname="Shashank-PC" name="RestAssuredTests.GETRequest" tests="1" failures="0" timestamp="29 Sep 2019 06:07:14 GMT" time="9.973" errors="0">
  <testcase name="getWeatherDetails" time="9.973" classname="RestAssuredTests.GETRequest"/>
</testsuite> <!-- RestAssuredTests.GETRequest -->
