<?xml version="1.0" encoding="UTF-8"?>
<!-- Generated by org.testng.reporters.JUnitReportReporter -->
<testsuite skipped="0" hostname="Shashank-PC" name="RestAssuredTests.BasicValidationsJson" tests="2" failures="0" timestamp="30 Sep 2019 14:52:18 GMT" time="21.332" errors="0">
  <testcase name="testMultipleContent" time="19.650" classname="RestAssuredTests.BasicValidationsJson"/>
  <testcase name="testParamsAndHeaders" time="1.682" classname="RestAssuredTests.BasicValidationsJson"/>
</testsuite> <!-- RestAssuredTests.BasicValidationsJson -->
