<?xml version="1.0" encoding="UTF-8"?>
<!-- Generated by org.testng.reporters.JUnitReportReporter -->
<testsuite skipped="0" hostname="Shashank-PC" name="RestAssuredTests.BasicValidationsXML" tests="1" failures="0" timestamp="02 Oct 2019 04:20:59 GMT" time="11.283" errors="0">
  <testcase name="testUsingXpath2" time="11.283" classname="RestAssuredTests.BasicValidationsXML"/>
</testsuite> <!-- RestAssuredTests.BasicValidationsXML -->
