<?xml version="1.0" encoding="UTF-8"?>
<!-- Generated by org.testng.reporters.JUnitReportReporter -->
<testsuite skipped="0" hostname="Shashank-PC" name="RestAssuredTests.PUTRequest" tests="1" failures="0" timestamp="30 Sep 2019 13:59:03 GMT" time="14.755" errors="0">
  <testcase name="testPut" time="14.755" classname="RestAssuredTests.PUTRequest"/>
</testsuite> <!-- RestAssuredTests.PUTRequest -->
