<?xml version="1.0" encoding="UTF-8"?>
<!-- Generated by org.testng.reporters.JUnitReportReporter -->
<testsuite skipped="0" hostname="Shashank-PC" name="RestAssuredTests.POSTRequest" tests="1" failures="0" timestamp="29 Sep 2019 06:13:03 GMT" time="12.911" errors="0">
  <testcase name="testPost" time="12.911" classname="RestAssuredTests.POSTRequest"/>
</testsuite> <!-- RestAssuredTests.POSTRequest -->
